<?xml version="1.0" encoding="UTF-8"?>
<!-- Generated by org.testng.reporters.JUnitReportReporter -->
<testsuite hostname="VAIO" failures="0" tests="2" name="com.test.automation.uiAutomation.homepage.TC001_Task" time="135.003" errors="0" timestamp="2020-05-22T02:53:23 IST" skipped="0">
  <testcase classname="com.test.automation.uiAutomation.homepage.TC001_Task" name="CustomerRegistration" time="43.356"/>
  <system-out>
<a href='E:\workspace\CrossAsystTechnologies\resources\screenshot\verifyRegistration_22_05_2020_02_51_04.png'> <img src='E:\workspace\CrossAsystTechnologies\resources\screenshot\verifyRegistration_22_05_2020_02_51_04.png' height='100' width='100'/> </a> <a href='E:\workspace\CrossAsystTechnologies\resources\screenshot\EmaildEntered_22_05_2020_02_51_05.png'> <img src='E:\workspace\CrossAsystTechnologies\resources\screenshot\EmaildEntered_22_05_2020_02_51_05.png' height='100' width='100'/> </a> <a href='E:\workspace\CrossAsystTechnologies\resources\screenshot\createAnAccount_22_05_2020_02_51_06.png'> <img src='E:\workspace\CrossAsystTechnologies\resources\screenshot\createAnAccount_22_05_2020_02_51_06.png' height='100' width='100'/> </a> <a href='E:\workspace\CrossAsystTechnologies\resources\screenshot\AllDetailsEnetered_22_05_2020_02_51_11.png'> <img src='E:\workspace\CrossAsystTechnologies\resources\screenshot\AllDetailsEnetered_22_05_2020_02_51_11.png' height='100' width='100'/> </a> <a href='E:\workspace\CrossAsystTechnologies\resources\screenshot\MyAccountHomePage_22_05_2020_02_51_14.png'> <img src='E:\workspace\CrossAsystTechnologies\resources\screenshot\MyAccountHomePage_22_05_2020_02_51_14.png' height='100' width='100'/> </a>  </system-out>
  <testcase classname="com.test.automation.uiAutomation.homepage.TC001_Task" name="LoginWithNewUserAndAddproductNAndProcdTochkout" time="91.647"/>
  <system-out>
<a href='E:\workspace\CrossAsystTechnologies\resources\screenshot\MyAccountHomePage_22_05_2020_02_52_18.png'> <img src='E:\workspace\CrossAsystTechnologies\resources\screenshot\MyAccountHomePage_22_05_2020_02_52_18.png' height='100' width='100'/> </a> <a href='E:\workspace\CrossAsystTechnologies\resources\screenshot\WomenSections_22_05_2020_02_52_23.png'> <img src='E:\workspace\CrossAsystTechnologies\resources\screenshot\WomenSections_22_05_2020_02_52_23.png' height='100' width='100'/> </a> <a href='E:\workspace\CrossAsystTechnologies\resources\screenshot\WomenSectionProduct_22_05_2020_02_52_24.png'> <img src='E:\workspace\CrossAsystTechnologies\resources\screenshot\WomenSectionProduct_22_05_2020_02_52_24.png' height='100' width='100'/> </a> <a href='E:\workspace\CrossAsystTechnologies\resources\screenshot\ProductAddToCart_22_05_2020_02_52_29.png'> <img src='E:\workspace\CrossAsystTechnologies\resources\screenshot\ProductAddToCart_22_05_2020_02_52_29.png' height='100' width='100'/> </a> <a href='E:\workspace\CrossAsystTechnologies\resources\screenshot\MyOrder_22_05_2020_02_52_34.png'> <img src='E:\workspace\CrossAsystTechnologies\resources\screenshot\MyOrder_22_05_2020_02_52_34.png' height='100' width='100'/> </a> <a href='E:\workspace\CrossAsystTechnologies\resources\screenshot\MyOrderConfirmation_22_05_2020_02_52_48.png'> <img src='E:\workspace\CrossAsystTechnologies\resources\screenshot\MyOrderConfirmation_22_05_2020_02_52_48.png' height='100' width='100'/> </a> <a href='E:\workspace\CrossAsystTechnologies\resources\screenshot\MyAccountHomePage_22_05_2020_02_52_51.png'> <img src='E:\workspace\CrossAsystTechnologies\resources\screenshot\MyAccountHomePage_22_05_2020_02_52_51.png' height='100' width='100'/> </a> <a href='E:\workspace\CrossAsystTechnologies\resources\screenshot\MyOrderHistoryPage_22_05_2020_02_52_54.png'> <img src='E:\workspace\CrossAsystTechnologies\resources\screenshot\MyOrderHistoryPage_22_05_2020_02_52_54.png' height='100' width='100'/> </a>  </system-out>
</testsuite> <!-- com.test.automation.uiAutomation.homepage.TC001_Task -->
