<?xml version="1.0" encoding="UTF-8"?>
<!-- Generated by org.testng.reporters.JUnitReportReporter -->
<testsuite skipped="2" hostname="VAIO" name="com.test.automation.APITest.APITest" tests="3" failures="0" timestamp="2020-05-25T00:13:07 IST" time="0.043" errors="0">
  <testcase name="ReadJson" time="0.043" classname="com.test.automation.APITest.APITest"/>
  <system-out/>
  <testcase name="UserGet" classname="com.test.automation.APITest.APITest">
    <skipped/>
  </testcase> <!-- UserGet -->
  <system-out/>
  <testcase name="CreateUserPost" classname="com.test.automation.APITest.APITest">
    <skipped/>
  </testcase> <!-- CreateUserPost -->
  <system-out/>
</testsuite> <!-- com.test.automation.APITest.APITest -->
