<?xml version="1.0" encoding="UTF-8"?>
<!-- Generated by org.testng.reporters.JUnitReportReporter -->
<testsuite skipped="0" hostname="VAIO" name="com.test.automation.APITest.TestCase_001" tests="1" failures="0" timestamp="2020-05-24T18:26:46 IST" time="4.058" errors="0">
  <testcase name="CreateUserPost" time="4.058" classname="com.test.automation.APITest.TestCase_001"/>
  <system-out/>
</testsuite> <!-- com.test.automation.APITest.TestCase_001 -->
