<?xml version="1.0" encoding="UTF-8"?>
<!-- Generated by org.testng.reporters.JUnitReportReporter -->
<testsuite ignored="1" hostname="VAIO" failures="0" tests="2" name="com.test.automation.uiAutomation.homepage.TC002_VerifyRegistration" time="48.322" errors="0" timestamp="17 May 2020 15:55:02 GMT" skipped="0">
  <testcase classname="com.test.automation.uiAutomation.homepage.TC002_VerifyRegistration" name="CustomerRegistration" time="12.373"/>
  <testcase classname="com.test.automation.uiAutomation.homepage.TC002_VerifyRegistration" name="LoginWithNewUser" time="35.949"/>
  <testcase classname="com.test.automation.uiAutomation.homepage.TC002_VerifyRegistration" name="verifyRegistration">
    <skipped/>
  </testcase> <!-- verifyRegistration -->
</testsuite> <!-- com.test.automation.uiAutomation.homepage.TC002_VerifyRegistration -->
