<?xml version="1.0" encoding="UTF-8"?>
<!-- Generated by org.testng.reporters.JUnitReportReporter -->
<testsuite skipped="1" hostname="VAIO" name="com.test.automation.APITest.APITest" tests="3" failures="0" timestamp="2020-07-13T17:24:54 IST" time="13.137" errors="0">
  <testcase name="TestAPI" time="5.249" classname="com.test.automation.APITest.APITest"/>
  <system-out/>
  <testcase name="CreateUserPost" time="7.888" classname="com.test.automation.APITest.APITest"/>
  <system-out/>
  <testcase name="UserGet" classname="com.test.automation.APITest.APITest">
    <skipped/>
  </testcase> <!-- UserGet -->
  <system-out/>
</testsuite> <!-- com.test.automation.APITest.APITest -->
