<?xml version="1.0" encoding="UTF-8"?>
<!-- Generated by org.testng.reporters.JUnitReportReporter -->
<testsuite ignored="0" hostname="VAIO" failures="0" tests="2" name="com.test.automation.uiAutomation.homepage.TC001_Task" time="61.929" errors="0" timestamp="17 May 2020 20:18:52 GMT" skipped="0">
  <testcase classname="com.test.automation.uiAutomation.homepage.TC001_Task" name="CustomerRegistration" time="13.521"/>
  <testcase classname="com.test.automation.uiAutomation.homepage.TC001_Task" name="LoginWithNewUserAndAddproductNAndProcdTochkout" time="48.408"/>
</testsuite> <!-- com.test.automation.uiAutomation.homepage.TC001_Task -->
