<?xml version="1.0" encoding="UTF-8"?>
<!-- Generated by org.testng.reporters.JUnitReportReporter -->
<testsuite hostname="VAIO" failures="0" tests="2" name="com.test.automation.UiTest.TC001_Task" time="87.019" errors="0" timestamp="2020-05-22T12:15:24 IST" skipped="0">
  <testcase classname="com.test.automation.UiTest.TC001_Task" name="CustomerRegistration" time="14.093"/>
  <system-out>
<a href='E:\workspace\Fusion\resources\screenshot\verifyRegistration_22_05_2020_12_13_44.png'> <img src='E:\workspace\Fusion\resources\screenshot\verifyRegistration_22_05_2020_12_13_44.png' height='100' width='100'/> </a> <a href='E:\workspace\Fusion\resources\screenshot\EmaildEntered_22_05_2020_12_13_45.png'> <img src='E:\workspace\Fusion\resources\screenshot\EmaildEntered_22_05_2020_12_13_45.png' height='100' width='100'/> </a> <a href='E:\workspace\Fusion\resources\screenshot\createAnAccount_22_05_2020_12_13_45.png'> <img src='E:\workspace\Fusion\resources\screenshot\createAnAccount_22_05_2020_12_13_45.png' height='100' width='100'/> </a> <a href='E:\workspace\Fusion\resources\screenshot\AllDetailsEnetered_22_05_2020_12_13_50.png'> <img src='E:\workspace\Fusion\resources\screenshot\AllDetailsEnetered_22_05_2020_12_13_50.png' height='100' width='100'/> </a> <a href='E:\workspace\Fusion\resources\screenshot\MyAccountHomePage_22_05_2020_12_13_54.png'> <img src='E:\workspace\Fusion\resources\screenshot\MyAccountHomePage_22_05_2020_12_13_54.png' height='100' width='100'/> </a>  </system-out>
  <testcase classname="com.test.automation.UiTest.TC001_Task" name="LoginWithNewUserAndAddproductNAndProcdTochkout" time="72.926"/>
  <system-out>
<a href='E:\workspace\Fusion\resources\screenshot\MyAccountHomePage_22_05_2020_12_14_32.png'> <img src='E:\workspace\Fusion\resources\screenshot\MyAccountHomePage_22_05_2020_12_14_32.png' height='100' width='100'/> </a> <a href='E:\workspace\Fusion\resources\screenshot\WomenSections_22_05_2020_12_14_39.png'> <img src='E:\workspace\Fusion\resources\screenshot\WomenSections_22_05_2020_12_14_39.png' height='100' width='100'/> </a> <a href='E:\workspace\Fusion\resources\screenshot\WomenSectionProduct_22_05_2020_12_14_40.png'> <img src='E:\workspace\Fusion\resources\screenshot\WomenSectionProduct_22_05_2020_12_14_40.png' height='100' width='100'/> </a> <a href='E:\workspace\Fusion\resources\screenshot\ProductAddToCart_22_05_2020_12_14_44.png'> <img src='E:\workspace\Fusion\resources\screenshot\ProductAddToCart_22_05_2020_12_14_44.png' height='100' width='100'/> </a> <a href='E:\workspace\Fusion\resources\screenshot\MyOrder_22_05_2020_12_14_50.png'> <img src='E:\workspace\Fusion\resources\screenshot\MyOrder_22_05_2020_12_14_50.png' height='100' width='100'/> </a> <a href='E:\workspace\Fusion\resources\screenshot\MyOrderConfirmation_22_05_2020_12_15_00.png'> <img src='E:\workspace\Fusion\resources\screenshot\MyOrderConfirmation_22_05_2020_12_15_00.png' height='100' width='100'/> </a> <a href='E:\workspace\Fusion\resources\screenshot\MyAccountHomePage_22_05_2020_12_15_02.png'> <img src='E:\workspace\Fusion\resources\screenshot\MyAccountHomePage_22_05_2020_12_15_02.png' height='100' width='100'/> </a> <a href='E:\workspace\Fusion\resources\screenshot\MyOrderHistoryPage_22_05_2020_12_15_07.png'> <img src='E:\workspace\Fusion\resources\screenshot\MyOrderHistoryPage_22_05_2020_12_15_07.png' height='100' width='100'/> </a>  </system-out>
</testsuite> <!-- com.test.automation.UiTest.TC001_Task -->
