<?xml version="1.0" encoding="UTF-8"?>
<!-- Generated by org.testng.reporters.JUnitReportReporter -->
<testsuite hostname="VAIO" failures="0" tests="1" name="com.test.automation.UiTest.MainTest" time="0.012" errors="0" timestamp="2020-05-22T19:27:05 IST" skipped="0">
  <testcase classname="com.test.automation.UiTest.MainTest" name="TestRun" time="0.012"/>
  <system-out/>
</testsuite> <!-- com.test.automation.UiTest.MainTest -->
